#
# A fatal error has been detected by the Java Runtime Environment:
#
#  Internal Error (safepoint.cpp:310), pid=39570, tid=13571
#  guarantee(PageArmed == 0) failed: invariant
#
# JRE version: Java(TM) SE Runtime Environment (8.0_45-b14) (build 1.8.0_45-b14)
# Java VM: Java HotSpot(TM) 64-Bit Server VM (25.45-b02 mixed mode bsd-amd64 compressed oops)
# Failed to write core dump. Core dumps have been disabled. To enable core dumping, try "ulimit -c unlimited" before starting Java again
#
# If you would like to submit a bug report, please visit:
#   http://bugreport.java.com/bugreport/crash.jsp
#

---------------  T H R E A D  ---------------

Current thread (0x00007fd7d3837000):  VMThread [stack: 0x00000001dd370000,0x00000001dd470000] [id=13571]

Stack: [0x00000001dd370000,0x00000001dd470000],  sp=0x00000001dd46f910,  free space=1022k
Native frames: (J=compiled Java code, j=interpreted, Vv=VM code, C=native code)
V  [libjvm.dylib+0x58e7ba]
V  [libjvm.dylib+0x1e037f]
V  [libjvm.dylib+0x4c2e84]
V  [libjvm.dylib+0x594a27]
V  [libjvm.dylib+0x594355]
V  [libjvm.dylib+0x46ea7e]
C  [libsystem_pthread.dylib+0x1899]  _pthread_body+0x8a
C  [libsystem_pthread.dylib+0x172a]  _pthread_struct_init+0x0
C  [libsystem_pthread.dylib+0x5fc9]  thread_start+0xd

VM_Operation (0x00007fd7d2d1a850): EnableBiasedLocking, mode: async safepoint, requested by thread 0x00007fd7d400e800


---------------  P R O C E S S  ---------------

Java Threads: ( => current thread )
  0x00007fd7d4000800 JavaThread "Service Thread" daemon [_thread_blocked, id=22275, stack(0x00000001ddcd4000,0x00000001dddd4000)]
  0x00007fd7d400c000 JavaThread "C1 CompilerThread3" daemon [_thread_blocked, id=21763, stack(0x00000001ddbd1000,0x00000001ddcd1000)]
  0x00007fd7d400b000 JavaThread "C2 CompilerThread2" daemon [_thread_blocked, id=21251, stack(0x00000001ddace000,0x00000001ddbce000)]
  0x00007fd7d4832000 JavaThread "C2 CompilerThread1" daemon [_thread_blocked, id=20739, stack(0x00000001dd9cb000,0x00000001ddacb000)]
  0x00007fd7d384b000 JavaThread "C2 CompilerThread0" daemon [_thread_blocked, id=20227, stack(0x00000001dd8c8000,0x00000001dd9c8000)]
  0x00007fd7d384a800 JavaThread "Signal Dispatcher" daemon [_thread_blocked, id=19715, stack(0x00000001dd7c5000,0x00000001dd8c5000)]
  0x00007fd7d3837800 JavaThread "Finalizer" daemon [_thread_blocked, id=14595, stack(0x00000001dd576000,0x00000001dd676000)]
  0x00007fd7d4829800 JavaThread "Reference Handler" daemon [_thread_blocked, id=14083, stack(0x00000001dd473000,0x00000001dd573000)]
  0x00007fd7d4002000 JavaThread "main" [_thread_in_Java, id=6403, stack(0x00000001042a8000,0x00000001043a8000)]

Other Threads:
=>0x00007fd7d3837000 VMThread [stack: 0x00000001dd370000,0x00000001dd470000] [id=13571]
  0x00007fd7d400e800 WatcherThread [stack: 0x00000001dddd7000,0x00000001dded7000] [id=22787]

VM state:synchronizing (normal execution)

VM Mutex/Monitor currently owned by a thread:  ([mutex/lock_event])
[0x00007fd7d2d03260] Safepoint_lock - owner thread: 0x00007fd7d3837000
[0x00007fd7d2d032e0] Threads_lock - owner thread: 0x00007fd7d3837000

Heap:
 PSYoungGen      total 224768K, used 132414K [0x000000016af80000, 0x0000000184980000, 0x0000000195a00000)
  eden space 219648K, 58% used [0x000000016af80000,0x0000000172c5f8f8,0x0000000178600000)
  from space 5120K, 88% used [0x0000000178600000,0x0000000178a6ffc0,0x0000000178b00000)
  to   space 5120K, 0% used [0x0000000184480000,0x0000000184480000,0x0000000184980000)
 ParOldGen       total 924160K, used 654648K [0x0000000115a00000, 0x000000014e080000, 0x000000016af80000)
  object space 924160K, 70% used [0x0000000115a00000,0x000000013d94e370,0x000000014e080000)
 Metaspace       used 2828K, capacity 4564K, committed 4864K, reserved 1056768K
  class space    used 302K, capacity 388K, committed 512K, reserved 1048576K

Card table byte_map: [0x0000000195a00000,0x0000000195e01000] byte_map_base: 0x0000000195153000

Marking Bits: (ParMarkBitMap*) 0x0000000105cc27a0
 Begin Bits: [0x00000001968c4000, 0x00000001988c4000)
 End Bits:   [0x00000001988c4000, 0x000000019a8c4000)

Polling page: 0x00000001043ed000

CodeCache: size=245760Kb used=1341Kb max_used=1353Kb free=244418Kb
 bounds [0x0000000106369000, 0x00000001065d9000, 0x0000000115369000]
 total_blobs=366 nmethods=126 adapters=154
 compilation: enabled

Compilation events (10 events):
Event: 0.127 Thread 0x00007fd7d400c000  122       1       java.util.ArrayList::size (5 bytes)
Event: 0.127 Thread 0x00007fd7d400c000 nmethod 122 0x00000001064b0f90 code [0x00000001064b10e0, 0x00000001064b11f0]
Event: 0.127 Thread 0x00007fd7d400c000  123       1       java.net.URL::getFile (5 bytes)
Event: 0.127 Thread 0x00007fd7d400c000 nmethod 123 0x00000001064b0cd0 code [0x00000001064b0e20, 0x00000001064b0f30]
Event: 1.417 Thread 0x00007fd7d400c000  124 %     3       CoinChange::countDynamic @ 37 (271 bytes)
Event: 1.420 Thread 0x00007fd7d400c000 nmethod 124% 0x00000001064b4710 code [0x00000001064b4a40, 0x00000001064b62b8]
Event: 1.420 Thread 0x00007fd7d384b000  125 %     4       CoinChange::countDynamic @ 37 (271 bytes)
Event: 1.437 Thread 0x00007fd7d384b000 nmethod 125% 0x00000001064baed0 code [0x00000001064bb120, 0x00000001064bbe50]
Event: 1.437 Thread 0x00007fd7d4832000  126       4       CoinChange::countDynamic (271 bytes)
Event: 1.443 Thread 0x00007fd7d4832000 nmethod 126 0x00000001064b7550 code [0x00000001064b76e0, 0x00000001064b7af8]

GC Heap History (10 events):
Event: 0.680 GC heap before
{Heap before GC invocations=9 (full 4):
 PSYoungGen      total 129024K, used 5092K [0x000000016af80000, 0x0000000179000000, 0x0000000195a00000)
  eden space 123904K, 0% used [0x000000016af80000,0x000000016af80000,0x0000000172880000)
  from space 5120K, 99% used [0x0000000172880000,0x0000000172d79160,0x0000000172d80000)
  to   space 5120K, 0% used [0x0000000178b00000,0x0000000178b00000,0x0000000179000000)
 ParOldGen       total 325632K, used 311659K [0x0000000115a00000, 0x0000000129800000, 0x000000016af80000)
  object space 325632K, 95% used [0x0000000115a00000,0x0000000128a5afb0,0x0000000129800000)
 Metaspace       used 2824K, capacity 4564K, committed 4864K, reserved 1056768K
  class space    used 302K, capacity 388K, committed 512K, reserved 1048576K
Event: 0.698 GC heap after
Heap after GC invocations=9 (full 4):
 PSYoungGen      total 129024K, used 0K [0x000000016af80000, 0x0000000179000000, 0x0000000195a00000)
  eden space 123904K, 0% used [0x000000016af80000,0x000000016af80000,0x0000000172880000)
  from space 5120K, 0% used [0x0000000172880000,0x0000000172880000,0x0000000172d80000)
  to   space 5120K, 0% used [0x0000000178b00000,0x0000000178b00000,0x0000000179000000)
 ParOldGen       total 492544K, used 316752K [0x0000000115a00000, 0x0000000133b00000, 0x000000016af80000)
  object space 492544K, 64% used [0x0000000115a00000,0x0000000128f54110,0x0000000133b00000)
 Metaspace       used 2824K, capacity 4564K, committed 4864K, reserved 1056768K
  class space    used 302K, capacity 388K, committed 512K, reserved 1048576K
}
Event: 0.715 GC heap before
{Heap before GC invocations=10 (full 4):
 PSYoungGen      total 129024K, used 123860K [0x000000016af80000, 0x0000000179000000, 0x0000000195a00000)
  eden space 123904K, 99% used [0x000000016af80000,0x0000000172875140,0x0000000172880000)
  from space 5120K, 0% used [0x0000000172880000,0x0000000172880000,0x0000000172d80000)
  to   space 5120K, 0% used [0x0000000178b00000,0x0000000178b00000,0x0000000179000000)
 ParOldGen       total 492544K, used 316752K [0x0000000115a00000, 0x0000000133b00000, 0x000000016af80000)
  object space 492544K, 64% used [0x0000000115a00000,0x0000000128f54110,0x0000000133b00000)
 Metaspace       used 2824K, capacity 4564K, committed 4864K, reserved 1056768K
  class space    used 302K, capacity 388K, committed 512K, reserved 1048576K
Event: 0.878 GC heap after
Heap after GC invocations=10 (full 4):
 PSYoungGen      total 224768K, used 5092K [0x000000016af80000, 0x0000000179980000, 0x0000000195a00000)
  eden space 219648K, 0% used [0x000000016af80000,0x000000016af80000,0x0000000178600000)
  from space 5120K, 99% used [0x0000000178b00000,0x0000000178ff9160,0x0000000179000000)
  to   space 5120K, 0% used [0x0000000178600000,0x0000000178600000,0x0000000178b00000)
 ParOldGen       total 492544K, used 435364K [0x0000000115a00000, 0x0000000133b00000, 0x000000016af80000)
  object space 492544K, 88% used [0x0000000115a00000,0x00000001303292d0,0x0000000133b00000)
 Metaspace       used 2824K, capacity 4564K, committed 4864K, reserved 1056768K
  class space    used 302K, capacity 388K, committed 512K, reserved 1048576K
}
Event: 0.878 GC heap before
{Heap before GC invocations=11 (full 5):
 PSYoungGen      total 224768K, used 5092K [0x000000016af80000, 0x0000000179980000, 0x0000000195a00000)
  eden space 219648K, 0% used [0x000000016af80000,0x000000016af80000,0x0000000178600000)
  from space 5120K, 99% used [0x0000000178b00000,0x0000000178ff9160,0x0000000179000000)
  to   space 5120K, 0% used [0x0000000178600000,0x0000000178600000,0x0000000178b00000)
 ParOldGen       total 492544K, used 435364K [0x0000000115a00000, 0x0000000133b00000, 0x000000016af80000)
  object space 492544K, 88% used [0x0000000115a00000,0x00000001303292d0,0x0000000133b00000)
 Metaspace       used 2824K, capacity 4564K, committed 4864K, reserved 1056768K
  class space    used 302K, capacity 388K, committed 512K, reserved 1048576K
Event: 0.893 GC heap after
Heap after GC invocations=11 (full 5):
 PSYoungGen      total 224768K, used 0K [0x000000016af80000, 0x0000000179980000, 0x0000000195a00000)
  eden space 219648K, 0% used [0x000000016af80000,0x000000016af80000,0x0000000178600000)
  from space 5120K, 0% used [0x0000000178b00000,0x0000000178b00000,0x0000000179000000)
  to   space 5120K, 0% used [0x0000000178600000,0x0000000178600000,0x0000000178b00000)
 ParOldGen       total 644096K, used 440457K [0x0000000115a00000, 0x000000013cf00000, 0x000000016af80000)
  object space 644096K, 68% used [0x0000000115a00000,0x0000000130822430,0x000000013cf00000)
 Metaspace       used 2824K, capacity 4564K, committed 4864K, reserved 1056768K
  class space    used 302K, capacity 388K, committed 512K, reserved 1048576K
}
Event: 1.035 GC heap before
{Heap before GC invocations=12 (full 5):
 PSYoungGen      total 224768K, used 219648K [0x000000016af80000, 0x0000000179980000, 0x0000000195a00000)
  eden space 219648K, 100% used [0x000000016af80000,0x0000000178600000,0x0000000178600000)
  from space 5120K, 0% used [0x0000000178b00000,0x0000000178b00000,0x0000000179000000)
  to   space 5120K, 0% used [0x0000000178600000,0x0000000178600000,0x0000000178b00000)
 ParOldGen       total 644096K, used 440457K [0x0000000115a00000, 0x000000013cf00000, 0x000000016af80000)
  object space 644096K, 68% used [0x0000000115a00000,0x0000000130822430,0x000000013cf00000)
 Metaspace       used 2824K, capacity 4564K, committed 4864K, reserved 1056768K
  class space    used 302K, capacity 388K, committed 512K, reserved 1048576K
Event: 1.379 GC heap after
Heap after GC invocations=12 (full 5):
 PSYoungGen      total 224768K, used 5092K [0x000000016af80000, 0x0000000184980000, 0x0000000195a00000)
  eden space 219648K, 0% used [0x000000016af80000,0x000000016af80000,0x0000000178600000)
  from space 5120K, 99% used [0x0000000178600000,0x0000000178af9160,0x0000000178b00000)
  to   space 5120K, 0% used [0x0000000184480000,0x0000000184480000,0x0000000184980000)
 ParOldGen       total 654848K, used 654100K [0x0000000115a00000, 0x000000013d980000, 0x000000016af80000)
  object space 654848K, 99% used [0x0000000115a00000,0x000000013d8c51d0,0x000000013d980000)
 Metaspace       used 2824K, capacity 4564K, committed 4864K, reserved 1056768K
  class space    used 302K, capacity 388K, committed 512K, reserved 1048576K
}
Event: 1.379 GC heap before
{Heap before GC invocations=13 (full 6):
 PSYoungGen      total 224768K, used 5092K [0x000000016af80000, 0x0000000184980000, 0x0000000195a00000)
  eden space 219648K, 0% used [0x000000016af80000,0x000000016af80000,0x0000000178600000)
  from space 5120K, 99% used [0x0000000178600000,0x0000000178af9160,0x0000000178b00000)
  to   space 5120K, 0% used [0x0000000184480000,0x0000000184480000,0x0000000184980000)
 ParOldGen       total 654848K, used 654100K [0x0000000115a00000, 0x000000013d980000, 0x000000016af80000)
  object space 654848K, 99% used [0x0000000115a00000,0x000000013d8c51d0,0x000000013d980000)
 Metaspace       used 2824K, capacity 4564K, committed 4864K, reserved 1056768K
  class space    used 302K, capacity 388K, committed 512K, reserved 1048576K
Event: 1.402 GC heap after
Heap after GC invocations=13 (full 6):
 PSYoungGen      total 224768K, used 4543K [0x000000016af80000, 0x0000000184980000, 0x0000000195a00000)
  eden space 219648K, 0% used [0x000000016af80000,0x000000016af80000,0x0000000178600000)
  from space 5120K, 88% used [0x0000000178600000,0x0000000178a6ffc0,0x0000000178b00000)
  to   space 5120K, 0% used [0x0000000184480000,0x0000000184480000,0x0000000184980000)
 ParOldGen       total 924160K, used 654648K [0x0000000115a00000, 0x000000014e080000, 0x000000016af80000)
  object space 924160K, 70% used [0x0000000115a00000,0x000000013d94e370,0x000000014e080000)
 Metaspace       used 2824K, capacity 4564K, committed 4864K, reserved 1056768K
  class space    used 302K, capacity 388K, committed 512K, reserved 1048576K
}

Deoptimization events (0 events):
No events

Internal exceptions (10 events):
Event: 0.098 Thread 0x00007fd7d4002000 Exception <a 'java/security/PrivilegedActionException'> (0x000000016b19f8a0) thrown at [/Users/java_re/workspace/8-2-build-macosx-x86_64/jdk8u45/3457/hotspot/src/share/vm/prims/jvm.cpp, line 1382]
Event: 0.098 Thread 0x00007fd7d4002000 Exception <a 'java/util/zip/ZipException'> (0x000000016b1a0680) thrown at [/Users/java_re/workspace/8-2-build-macosx-x86_64/jdk8u45/3457/hotspot/src/share/vm/prims/jni.cpp, line 709]
Event: 0.098 Thread 0x00007fd7d4002000 Exception <a 'java/security/PrivilegedActionException'> (0x000000016b1a0830) thrown at [/Users/java_re/workspace/8-2-build-macosx-x86_64/jdk8u45/3457/hotspot/src/share/vm/prims/jvm.cpp, line 1382]
Event: 0.098 Thread 0x00007fd7d4002000 Exception <a 'java/security/PrivilegedActionException'> (0x000000016b1a09e8) thrown at [/Users/java_re/workspace/8-2-build-macosx-x86_64/jdk8u45/3457/hotspot/src/share/vm/prims/jvm.cpp, line 1382]
Event: 0.099 Thread 0x00007fd7d4002000 Exception <a 'java/util/zip/ZipException'> (0x000000016b1a1730) thrown at [/Users/java_re/workspace/8-2-build-macosx-x86_64/jdk8u45/3457/hotspot/src/share/vm/prims/jni.cpp, line 709]
Event: 0.099 Thread 0x00007fd7d4002000 Exception <a 'java/security/PrivilegedActionException'> (0x000000016b1a18e0) thrown at [/Users/java_re/workspace/8-2-build-macosx-x86_64/jdk8u45/3457/hotspot/src/share/vm/prims/jvm.cpp, line 1382]
Event: 0.099 Thread 0x00007fd7d4002000 Exception <a 'java/security/PrivilegedActionException'> (0x000000016b1a1a98) thrown at [/Users/java_re/workspace/8-2-build-macosx-x86_64/jdk8u45/3457/hotspot/src/share/vm/prims/jvm.cpp, line 1382]
Event: 0.101 Thread 0x00007fd7d4002000 Exception <a 'java/util/zip/ZipException'> (0x000000016b1b4728) thrown at [/Users/java_re/workspace/8-2-build-macosx-x86_64/jdk8u45/3457/hotspot/src/share/vm/prims/jni.cpp, line 709]
Event: 0.101 Thread 0x00007fd7d4002000 Exception <a 'java/security/PrivilegedActionException'> (0x000000016b1b48d8) thrown at [/Users/java_re/workspace/8-2-build-macosx-x86_64/jdk8u45/3457/hotspot/src/share/vm/prims/jvm.cpp, line 1382]
Event: 0.101 Thread 0x00007fd7d4002000 Exception <a 'java/security/PrivilegedActionException'> (0x000000016b1b4a90) thrown at [/Users/java_re/workspace/8-2-build-macosx-x86_64/jdk8u45/3457/hotspot/src/share/vm/prims/jvm.cpp, line 1382]

Events (10 events):
Event: 0.457 Executing VM operation: ParallelGCFailedAllocation done
Event: 0.540 Executing VM operation: ParallelGCFailedAllocation
Event: 0.698 Executing VM operation: ParallelGCFailedAllocation done
Event: 0.715 Executing VM operation: ParallelGCFailedAllocation
Event: 0.893 Executing VM operation: ParallelGCFailedAllocation done
Event: 1.035 Executing VM operation: ParallelGCFailedAllocation
Event: 1.402 Executing VM operation: ParallelGCFailedAllocation done
Event: 1.437 Thread 0x00007fd7d4002000 DEOPT PACKING pc=0x00000001064b5eb3 sp=0x00000001043a7760
Event: 1.437 Thread 0x00007fd7d4002000 DEOPT UNPACKING pc=0x00000001063b0633 sp=0x00000001043a7548 mode 0
Event: 4.094 Executing VM operation: EnableBiasedLocking


Dynamic libraries:
0x000000000170e000 	/System/Library/Frameworks/Cocoa.framework/Versions/A/Cocoa
0x000000000170e000 	/System/Library/Frameworks/Security.framework/Versions/A/Security
0x000000000170e000 	/System/Library/Frameworks/ApplicationServices.framework/Versions/A/ApplicationServices
0x000000000170e000 	/usr/lib/libz.1.dylib
0x000000000170e000 	/usr/lib/libSystem.B.dylib
0x000000000170e000 	/usr/lib/libobjc.A.dylib
0x000000000170e000 	/System/Library/Frameworks/CoreFoundation.framework/Versions/A/CoreFoundation
0x000000000170e000 	/System/Library/Frameworks/Foundation.framework/Versions/C/Foundation
0x000000000170e000 	/System/Library/Frameworks/AppKit.framework/Versions/C/AppKit
0x000000000170e000 	/System/Library/Frameworks/CoreData.framework/Versions/A/CoreData
0x000000000170e000 	/System/Library/PrivateFrameworks/RemoteViewServices.framework/Versions/A/RemoteViewServices
0x000000000170e000 	/System/Library/Frameworks/AudioToolbox.framework/Versions/A/AudioToolbox
0x000000000170e000 	/System/Library/Frameworks/AudioUnit.framework/Versions/A/AudioUnit
0x000000000170e000 	/System/Library/PrivateFrameworks/DataDetectorsCore.framework/Versions/A/DataDetectorsCore
0x000000000170e000 	/System/Library/PrivateFrameworks/DesktopServicesPriv.framework/Versions/A/DesktopServicesPriv
0x000000000170e000 	/System/Library/Frameworks/Carbon.framework/Versions/A/Frameworks/HIToolbox.framework/Versions/A/HIToolbox
0x000000000170e000 	/System/Library/Frameworks/QuartzCore.framework/Versions/A/QuartzCore
0x000000000170e000 	/System/Library/Frameworks/Carbon.framework/Versions/A/Frameworks/SpeechRecognition.framework/Versions/A/SpeechRecognition
0x000000000170e000 	/usr/lib/libauto.dylib
0x000000000170e000 	/usr/lib/libicucore.A.dylib
0x000000000170e000 	/usr/lib/libxml2.2.dylib
0x000000000170e000 	/System/Library/PrivateFrameworks/CoreUI.framework/Versions/A/CoreUI
0x000000000170e000 	/System/Library/Frameworks/CoreAudio.framework/Versions/A/CoreAudio
0x000000000170e000 	/System/Library/Frameworks/DiskArbitration.framework/Versions/A/DiskArbitration
0x000000000170e000 	/usr/lib/liblangid.dylib
0x000000000170e000 	/System/Library/PrivateFrameworks/MultitouchSupport.framework/Versions/A/MultitouchSupport
0x000000000170e000 	/System/Library/Frameworks/IOKit.framework/Versions/A/IOKit
0x000000000170e000 	/usr/lib/libDiagnosticMessagesClient.dylib
0x000000000170e000 	/System/Library/Frameworks/CoreServices.framework/Versions/A/CoreServices
0x000000000170e000 	/System/Library/PrivateFrameworks/PerformanceAnalysis.framework/Versions/A/PerformanceAnalysis
0x000000000170e000 	/System/Library/PrivateFrameworks/GenerationalStorage.framework/Versions/A/GenerationalStorage
0x000000000170e000 	/System/Library/Frameworks/OpenGL.framework/Versions/A/OpenGL
0x000000000170e000 	/System/Library/PrivateFrameworks/Sharing.framework/Versions/A/Sharing
0x000000000170e000 	/System/Library/Frameworks/ImageIO.framework/Versions/A/ImageIO
0x000000000170e000 	/System/Library/Frameworks/CoreText.framework/Versions/A/CoreText
0x000000000170e000 	/System/Library/Frameworks/CoreGraphics.framework/Versions/A/CoreGraphics
0x000000000170e000 	/System/Library/PrivateFrameworks/Backup.framework/Versions/A/Backup
0x000000000170e000 	/System/Library/Frameworks/CFNetwork.framework/Versions/A/CFNetwork
0x000000000170e000 	/System/Library/Frameworks/SystemConfiguration.framework/Versions/A/SystemConfiguration
0x000000000170e000 	/usr/lib/libCRFSuite.dylib
0x000000000170e000 	/usr/lib/libc++.1.dylib
0x000000000170e000 	/usr/lib/libc++abi.dylib
0x000000000170e000 	/usr/lib/system/libcache.dylib
0x000000000170e000 	/usr/lib/system/libcommonCrypto.dylib
0x000000000170e000 	/usr/lib/system/libcompiler_rt.dylib
0x000000000170e000 	/usr/lib/system/libcopyfile.dylib
0x000000000170e000 	/usr/lib/system/libcorecrypto.dylib
0x000000000170e000 	/usr/lib/system/libdispatch.dylib
0x000000000170e000 	/usr/lib/system/libdyld.dylib
0x000000000170e000 	/usr/lib/system/libkeymgr.dylib
0x000000000170e000 	/usr/lib/system/liblaunch.dylib
0x000000000170e000 	/usr/lib/system/libmacho.dylib
0x000000000170e000 	/usr/lib/system/libquarantine.dylib
0x000000000170e000 	/usr/lib/system/libremovefile.dylib
0x000000000170e000 	/usr/lib/system/libsystem_asl.dylib
0x000000000170e000 	/usr/lib/system/libsystem_blocks.dylib
0x000000000170e000 	/usr/lib/system/libsystem_c.dylib
0x000000000170e000 	/usr/lib/system/libsystem_configuration.dylib
0x000000000170e000 	/usr/lib/system/libsystem_dnssd.dylib
0x000000000170e000 	/usr/lib/system/libsystem_info.dylib
0x000000000170e000 	/usr/lib/system/libsystem_kernel.dylib
0x000000000170e000 	/usr/lib/system/libsystem_m.dylib
0x000000000170e000 	/usr/lib/system/libsystem_malloc.dylib
0x000000000170e000 	/usr/lib/system/libsystem_network.dylib
0x000000000170e000 	/usr/lib/system/libsystem_notify.dylib
0x000000000170e000 	/usr/lib/system/libsystem_platform.dylib
0x000000000170e000 	/usr/lib/system/libsystem_pthread.dylib
0x000000000170e000 	/usr/lib/system/libsystem_sandbox.dylib
0x000000000170e000 	/usr/lib/system/libsystem_stats.dylib
0x000000000170e000 	/usr/lib/system/libunc.dylib
0x000000000170e000 	/usr/lib/system/libunwind.dylib
0x000000000170e000 	/usr/lib/system/libxpc.dylib
0x000000000170e000 	/usr/lib/libbsm.0.dylib
0x000000000170e000 	/usr/lib/libsqlite3.dylib
0x000000000170e000 	/usr/lib/libxar.1.dylib
0x000000000170e000 	/usr/lib/libpam.2.dylib
0x000000000170e000 	/usr/lib/libOpenScriptingUtil.dylib
0x000000000170e000 	/usr/lib/libbz2.1.0.dylib
0x000000000170e000 	/System/Library/Frameworks/CoreServices.framework/Versions/A/Frameworks/CarbonCore.framework/Versions/A/CarbonCore
0x000000000170e000 	/System/Library/Frameworks/CoreServices.framework/Versions/A/Frameworks/Metadata.framework/Versions/A/Metadata
0x000000000170e000 	/System/Library/Frameworks/CoreServices.framework/Versions/A/Frameworks/OSServices.framework/Versions/A/OSServices
0x000000000170e000 	/System/Library/Frameworks/CoreServices.framework/Versions/A/Frameworks/SearchKit.framework/Versions/A/SearchKit
0x000000000170e000 	/System/Library/Frameworks/CoreServices.framework/Versions/A/Frameworks/AE.framework/Versions/A/AE
0x000000000170e000 	/System/Library/Frameworks/CoreServices.framework/Versions/A/Frameworks/LaunchServices.framework/Versions/A/LaunchServices
0x000000000170e000 	/System/Library/Frameworks/CoreServices.framework/Versions/A/Frameworks/DictionaryServices.framework/Versions/A/DictionaryServices
0x000000000170e000 	/System/Library/Frameworks/NetFS.framework/Versions/A/NetFS
0x000000000170e000 	/usr/lib/system/libkxld.dylib
0x000000000170e000 	/System/Library/PrivateFrameworks/NetAuth.framework/Versions/A/NetAuth
0x000000000170e000 	/System/Library/PrivateFrameworks/TCC.framework/Versions/A/TCC
0x000000000170e000 	/System/Library/Frameworks/OpenDirectory.framework/Versions/A/Frameworks/CFOpenDirectory.framework/Versions/A/CFOpenDirectory
0x000000000170e000 	/System/Library/Frameworks/ServiceManagement.framework/Versions/A/ServiceManagement
0x000000000170e000 	/usr/lib/libxslt.1.dylib
0x000000000170e000 	/System/Library/Frameworks/Carbon.framework/Versions/A/Frameworks/Ink.framework/Versions/A/Ink
0x000000000170e000 	/System/Library/Frameworks/ApplicationServices.framework/Versions/A/Frameworks/ATS.framework/Versions/A/ATS
0x000000000170e000 	/System/Library/Frameworks/ApplicationServices.framework/Versions/A/Frameworks/ColorSync.framework/Versions/A/ColorSync
0x000000000170e000 	/System/Library/Frameworks/ApplicationServices.framework/Versions/A/Frameworks/HIServices.framework/Versions/A/HIServices
0x000000000170e000 	/System/Library/Frameworks/ApplicationServices.framework/Versions/A/Frameworks/LangAnalysis.framework/Versions/A/LangAnalysis
0x000000000170e000 	/System/Library/Frameworks/ApplicationServices.framework/Versions/A/Frameworks/PrintCore.framework/Versions/A/PrintCore
0x000000000170e000 	/System/Library/Frameworks/ApplicationServices.framework/Versions/A/Frameworks/QD.framework/Versions/A/QD
0x000000000170e000 	/System/Library/Frameworks/ApplicationServices.framework/Versions/A/Frameworks/SpeechSynthesis.framework/Versions/A/SpeechSynthesis
0x000000000170e000 	/System/Library/Frameworks/IOSurface.framework/Versions/A/IOSurface
0x000000000170e000 	/System/Library/Frameworks/Accelerate.framework/Versions/A/Accelerate
0x000000000170e000 	/System/Library/Frameworks/Accelerate.framework/Versions/A/Frameworks/vImage.framework/Versions/A/vImage
0x000000000170e000 	/System/Library/Frameworks/Accelerate.framework/Versions/A/Frameworks/vecLib.framework/Versions/A/vecLib
0x000000000170e000 	/System/Library/Frameworks/Accelerate.framework/Versions/A/Frameworks/vecLib.framework/Versions/A/libvDSP.dylib
0x000000000170e000 	/System/Library/Frameworks/Accelerate.framework/Versions/A/Frameworks/vecLib.framework/Versions/A/libvMisc.dylib
0x000000000170e000 	/System/Library/Frameworks/Accelerate.framework/Versions/A/Frameworks/vecLib.framework/Versions/A/libLAPACK.dylib
0x000000000170e000 	/System/Library/Frameworks/Accelerate.framework/Versions/A/Frameworks/vecLib.framework/Versions/A/libBLAS.dylib
0x000000000170e000 	/System/Library/Frameworks/ApplicationServices.framework/Versions/A/Frameworks/ATS.framework/Versions/A/Resources/libFontParser.dylib
0x000000000170e000 	/System/Library/Frameworks/ApplicationServices.framework/Versions/A/Frameworks/ATS.framework/Versions/A/Resources/libFontRegistry.dylib
0x000000000170e000 	/System/Library/Frameworks/ImageIO.framework/Versions/A/Resources/libJPEG.dylib
0x000000000170e000 	/System/Library/Frameworks/ImageIO.framework/Versions/A/Resources/libTIFF.dylib
0x000000000170e000 	/System/Library/Frameworks/ImageIO.framework/Versions/A/Resources/libPng.dylib
0x000000000170e000 	/System/Library/Frameworks/ImageIO.framework/Versions/A/Resources/libGIF.dylib
0x000000000170e000 	/System/Library/Frameworks/ImageIO.framework/Versions/A/Resources/libJP2.dylib
0x000000000170e000 	/System/Library/Frameworks/ImageIO.framework/Versions/A/Resources/libRadiance.dylib
0x000000000170e000 	/usr/lib/libcups.2.dylib
0x000000000170e000 	/System/Library/Frameworks/Kerberos.framework/Versions/A/Kerberos
0x000000000170e000 	/System/Library/Frameworks/GSS.framework/Versions/A/GSS
0x000000000170e000 	/usr/lib/libresolv.9.dylib
0x000000000170e000 	/usr/lib/libiconv.2.dylib
0x000000000170e000 	/System/Library/PrivateFrameworks/Heimdal.framework/Versions/A/Heimdal
0x000000000170e000 	/System/Library/PrivateFrameworks/TrustEvaluationAgent.framework/Versions/A/TrustEvaluationAgent
0x000000000170e000 	/usr/lib/libheimdal-asn1.dylib
0x000000000170e000 	/System/Library/Frameworks/OpenDirectory.framework/Versions/A/OpenDirectory
0x000000000170e000 	/System/Library/PrivateFrameworks/CommonAuth.framework/Versions/A/CommonAuth
0x000000000170e000 	/System/Library/Frameworks/SecurityFoundation.framework/Versions/A/SecurityFoundation
0x000000000170e000 	/System/Library/PrivateFrameworks/Bom.framework/Versions/A/Bom
0x000000000170e000 	/System/Library/Frameworks/CoreVideo.framework/Versions/A/CoreVideo
0x000000000170e000 	/System/Library/Frameworks/QuartzCore.framework/Versions/A/Frameworks/CoreImage.framework/Versions/A/CoreImage
0x000000000170e000 	/System/Library/Frameworks/QuartzCore.framework/Versions/A/Frameworks/ScalableUserInterface.framework/Versions/A/ScalableUserInterface
0x000000000170e000 	/System/Library/Frameworks/OpenGL.framework/Versions/A/Libraries/libGLU.dylib
0x000000000170e000 	/System/Library/Frameworks/OpenGL.framework/Versions/A/Libraries/libGFXShared.dylib
0x000000000170e000 	/System/Library/Frameworks/OpenGL.framework/Versions/A/Libraries/libGL.dylib
0x000000000170e000 	/System/Library/Frameworks/OpenGL.framework/Versions/A/Libraries/libGLImage.dylib
0x000000000170e000 	/System/Library/Frameworks/OpenGL.framework/Versions/A/Libraries/libCVMSPluginSupport.dylib
0x000000000170e000 	/System/Library/Frameworks/OpenGL.framework/Versions/A/Libraries/libCoreVMClient.dylib
0x000000000170e000 	/System/Library/PrivateFrameworks/FaceCore.framework/Versions/A/FaceCore
0x000000000170e000 	/System/Library/PrivateFrameworks/CrashReporterSupport.framework/Versions/A/CrashReporterSupport
0x000000000170e000 	/System/Library/Frameworks/OpenCL.framework/Versions/A/OpenCL
0x000000000170e000 	/System/Library/PrivateFrameworks/AppleFSCompression.framework/Versions/A/AppleFSCompression
0x000000000170e000 	/System/Library/PrivateFrameworks/Ubiquity.framework/Versions/A/Ubiquity
0x000000000170e000 	/System/Library/PrivateFrameworks/IconServices.framework/Versions/A/IconServices
0x000000000170e000 	/System/Library/PrivateFrameworks/ChunkingLibrary.framework/Versions/A/ChunkingLibrary
0x000000000170e000 	/System/Library/PrivateFrameworks/CoreSymbolication.framework/Versions/A/CoreSymbolication
0x000000000170e000 	/System/Library/PrivateFrameworks/Symbolication.framework/Versions/A/Symbolication
0x000000000170e000 	/System/Library/PrivateFrameworks/DebugSymbols.framework/Versions/A/DebugSymbols
0x0000000105400000 	/Library/Java/JavaVirtualMachines/jdk1.8.0_45.jdk/Contents/Home/jre/lib/server/libjvm.dylib
0x000000000170e000 	/usr/lib/libstdc++.6.dylib
0x00000001043aa000 	/Library/Java/JavaVirtualMachines/jdk1.8.0_45.jdk/Contents/Home/jre/lib/libverify.dylib
0x00000001043b8000 	/Library/Java/JavaVirtualMachines/jdk1.8.0_45.jdk/Contents/Home/jre/lib/libjava.dylib
0x00000001043f7000 	/Library/Java/JavaVirtualMachines/jdk1.8.0_45.jdk/Contents/Home/jre/lib/libzip.dylib
0x00000001dd678000 	/System/Library/Frameworks/JavaVM.framework/Frameworks/JavaRuntimeSupport.framework/JavaRuntimeSupport
0x00000001dd690000 	/System/Library/Frameworks/JavaVM.framework/Versions/A/Frameworks/JavaNativeFoundation.framework/Versions/A/JavaNativeFoundation
0x00000001dd6a5000 	/System/Library/Frameworks/JavaVM.framework/Versions/A/JavaVM
0x000000000170e000 	/System/Library/Frameworks/Carbon.framework/Versions/A/Carbon
0x00000001dd6b2000 	/System/Library/PrivateFrameworks/JavaLaunching.framework/Versions/A/JavaLaunching
0x000000000170e000 	/System/Library/Frameworks/Carbon.framework/Versions/A/Frameworks/CommonPanels.framework/Versions/A/CommonPanels
0x000000000170e000 	/System/Library/Frameworks/Carbon.framework/Versions/A/Frameworks/Help.framework/Versions/A/Help
0x000000000170e000 	/System/Library/Frameworks/Carbon.framework/Versions/A/Frameworks/ImageCapture.framework/Versions/A/ImageCapture
0x000000000170e000 	/System/Library/Frameworks/Carbon.framework/Versions/A/Frameworks/OpenScripting.framework/Versions/A/OpenScripting
0x000000000170e000 	/System/Library/Frameworks/Carbon.framework/Versions/A/Frameworks/Print.framework/Versions/A/Print
0x000000000170e000 	/System/Library/Frameworks/Carbon.framework/Versions/A/Frameworks/SecurityHI.framework/Versions/A/SecurityHI

VM Arguments:
java_command: CoinChange
java_class_path (initial): .
Launcher Type: SUN_STANDARD

Environment Variables:
JAVA_HOME=/Library/Java/JavaVirtualMachines/jdk1.8.0_45.jdk/Contents/Home/
PATH=/Users/cat/myfile/install/activator136:/Users/cat/myfile/install/maven33/bin:/Applications/Xcode.app/Contents/Developer/usr/libexec/git-core:/Users/cat/myfile/scala/bin:/opt/local/bin:/usr/local/Cellar/cabal-install/1.22.6.0/bin:/usr/local/Cellar/ghc/7.10.2/bin:/Users/cat/myfile/install/activator136:/Users/cat/myfile/install/maven33/bin:/Applications/Xcode.app/Contents/Developer/usr/libexec/git-core:/Users/cat/myfile/scala/bin:/opt/local/bin:/usr/local/Cellar/cabal-install/1.22.6.0/bin:/usr/local/Cellar/ghc/7.10.2/bin:/opt/local/bin:/opt/local/sbin:/opt/local/bin:/opt/local/sbin:/Users/cat/myfile/install/activator136:/Users/cat/myfile/install/maven33/bin:/Applications/Xcode.app/Contents/Developer/usr/libexec/git-core:/Users/cat/myfile/scala/bin:/opt/local/bin:/usr/local/Cellar/cabal-install/1.22.6.0/bin:/usr/local/Cellar/ghc/7.10.2/bin:/usr/bin:/bin:/usr/sbin:/sbin:/usr/local/bin:/usr/texbin
SHELL=/bin/bash

Signal Handlers:
SIGSEGV: [libjvm.dylib+0x58ef95], sa_mask[0]=11111111011111110111111111111111, sa_flags=SA_ONSTACK|SA_RESTART|SA_SIGINFO
SIGBUS: [libjvm.dylib+0x58ef95], sa_mask[0]=11111111011111110111111111111111, sa_flags=SA_RESTART|SA_SIGINFO
SIGFPE: [libjvm.dylib+0x46c108], sa_mask[0]=11111111011111110111111111111111, sa_flags=SA_RESTART|SA_SIGINFO
SIGPIPE: [libjvm.dylib+0x46c108], sa_mask[0]=11111111011111110111111111111111, sa_flags=SA_RESTART|SA_SIGINFO
SIGXFSZ: [libjvm.dylib+0x46c108], sa_mask[0]=11111111011111110111111111111111, sa_flags=SA_RESTART|SA_SIGINFO
SIGILL: [libjvm.dylib+0x46c108], sa_mask[0]=11111111011111110111111111111111, sa_flags=SA_RESTART|SA_SIGINFO
SIGUSR1: SIG_DFL, sa_mask[0]=11011111011111100000000111000110, sa_flags=none
SIGUSR2: [libjvm.dylib+0x46bc26], sa_mask[0]=00000000000000000000000000000000, sa_flags=SA_RESTART|SA_SIGINFO
SIGHUP: [libjvm.dylib+0x46a1f9], sa_mask[0]=11111111011111110111111111111111, sa_flags=SA_RESTART|SA_SIGINFO
SIGINT: [libjvm.dylib+0x46a1f9], sa_mask[0]=11111111011111110111111111111111, sa_flags=SA_RESTART|SA_SIGINFO
SIGTERM: [libjvm.dylib+0x46a1f9], sa_mask[0]=11111111011111110111111111111111, sa_flags=SA_RESTART|SA_SIGINFO
SIGQUIT: [libjvm.dylib+0x46a1f9], sa_mask[0]=11111111011111110111111111111111, sa_flags=SA_RESTART|SA_SIGINFO


---------------  S Y S T E M  ---------------

OS:Bsduname:Darwin 13.4.0 Darwin Kernel Version 13.4.0: Wed Mar 18 16:20:14 PDT 2015; root:xnu-2422.115.14~1/RELEASE_X86_64 x86_64
rlimit: STACK 8192k, CORE 0k, NPROC 709, NOFILE 10240, AS infinity
load average:3.56 3.85 2.85

CPU:total 8 (4 cores per cpu, 2 threads per core) family 6 model 58 stepping 9, cmov, cx8, fxsr, mmx, sse, sse2, sse3, ssse3, sse4.1, sse4.2, popcnt, avx, aes, clmul, erms, ht, tsc, tscinvbit, tscinv

Memory: 4k page, physical 8388608k(36172k free)

/proc/meminfo:


vm_info: Java HotSpot(TM) 64-Bit Server VM (25.45-b02) for bsd-amd64 JRE (1.8.0_45-b14), built on Apr 10 2015 10:46:38 by "java_re" with gcc 4.2.1 (Based on Apple Inc. build 5658) (LLVM build 2336.11.00)

time: Fri Oct 23 20:37:46 2015
elapsed time: 501 seconds (0d 0h 8m 21s)

